2025-12-04 05:47:14 ========= START =========
POST Data: Array
(
    [id_dokter] => 1
    [id_pet] => 11
    [tanggal_konsultasi] => 2025-12-04
    [waktu_konsultasi] => 16:00
    [keluhan] => sakit perut
    [biaya_konsultasi] => 150000.00
    [discount_amount] => 45000
    [applied_coupon] => DISKON30
)

SESSION Data: Array
(
    [user_id] => 1
    [nama_pemilik] => bilbis elhaqqi
    [email] => bylbisselhaqqie966@gmail.com
    [logged_in] => 1
    [login_time] => 1764822130
    [booking_result] => Array
        (
            [id_pemesanan] => 20
            [id_dokter] => 1
            [id_pet] => 11
            [tanggal_konsultasi] => 2025-12-04
            [waktu_konsultasi] => 13:00
            [biaya_konsultasi] => 150000
            [diskon] => 45000
            [total_biaya] => 105000
            [kode_pemesanan] => ONLINE-20251204052359-3273
            [keluhan] => mencret
            [kupon_digunakan] => DISKON30
        )

)

2025-12-04 05:47:14 ========= END =========

2025-12-04 05:48:14 ========= START =========
POST Data: Array
(
    [id_dokter] => 1
    [id_pet] => 11
    [tanggal_konsultasi] => 2025-12-04
    [waktu_konsultasi] => 13:00
    [keluhan] => sakit perut
    [biaya_konsultasi] => 150000.00
    [discount_amount] => 45000
    [applied_coupon] => DISKON30
)

SESSION Data: Array
(
    [user_id] => 1
    [nama_pemilik] => bilbis elhaqqi
    [email] => bylbisselhaqqie966@gmail.com
    [logged_in] => 1
    [login_time] => 1764822130
    [booking_result] => Array
        (
            [id_pemesanan] => 20
            [id_dokter] => 1
            [id_pet] => 11
            [tanggal_konsultasi] => 2025-12-04
            [waktu_konsultasi] => 13:00
            [biaya_konsultasi] => 150000
            [diskon] => 45000
            [total_biaya] => 105000
            [kode_pemesanan] => ONLINE-20251204052359-3273
            [keluhan] => mencret
            [kupon_digunakan] => DISKON30
        )

)

2025-12-04 05:48:14 ========= END =========


2025-12-04 06:04:46 ========= START =========
POST Data: Array
(
    [id_dokter] => 1
    [id_pet] => 11
    [tanggal_konsultasi] => 2025-12-04
    [waktu_konsultasi] => 17:00
    [keluhan] => luka bernanah
    [biaya_konsultasi] => 150000.00
    [discount_amount] => 45000
    [applied_coupon] => DISKON30
)

Input Data:
- id_dokter: 1
- id_pet: 11
- tanggal_konsultasi: 2025-12-04
- waktu_konsultasi: 17:00
- biaya_konsultasi: 150000
Query INSERT: INSERT INTO pemesanan_online 
        (kode_pemesanan, id_pemilik, id_dokter, id_pet, 
         tanggal_konsultasi, waktu_konsultasi, keluhan, 
         biaya_konsultasi, kupon_digunakan, jumlah_diskon, 
         total_biaya, status_pemesanan, link_konsultasi, waktu_pemesanan)
        VALUES (?, ?, ?, ?, ?, ?, ?, ?, ?, ?, ?, ?, NULL, NOW())
2025-12-04 06:04:46 ========= END =========

